<?xml version="1.0" encoding="UTF-8"?>
<!-- Generated by org.testng.reporters.JUnitXMLReporter -->
<testsuite ignored="0" hostname="rudraya" failures="0" tests="6" name="Default test" time="0.055" errors="0" timestamp="2024-06-24T16:54:50 IST">
  <testcase classname="Java_pgms.Number_pgms.Data_provider" name="Demo" time="0.008"/>
  <testcase classname="Java_pgms.Number_pgms.Data_provider" name="Demo" time="0.001"/>
  <testcase classname="Java_pgms.Number_pgms.Data_provider" name="Demo" time="0.001"/>
  <testcase classname="Java_pgms.Number_pgms.Data_provider" name="Demo1" time="0.001"/>
  <testcase classname="Java_pgms.Number_pgms.Data_provider" name="Demo1" time="0.001"/>
  <testcase classname="Java_pgms.Number_pgms.Data_provider" name="Demo1" time="0.0"/>
</testsuite> <!-- Default test -->
