<?xml version="1.0" encoding="UTF-8"?>
<testng-results ignored="0" total="6" passed="6" failed="0" skipped="0">
  <reporter-output>
  </reporter-output>
  <suite started-at="2024-06-24T16:54:50 IST" name="Default suite" finished-at="2024-06-24T16:54:50 IST" duration-ms="55">
    <groups>
    </groups>
    <test started-at="2024-06-24T16:54:50 IST" name="Default test" finished-at="2024-06-24T16:54:50 IST" duration-ms="55">
      <class name="Java_pgms.Number_pgms.Data_provider">
        <test-method signature="Demo(java.lang.String)[pri:0, instance:Java_pgms.Number_pgms.Data_provider@72057ecf]" started-at="2024-06-24T16:54:50 IST" name="Demo" data-provider="names" finished-at="2024-06-24T16:54:50 IST" duration-ms="8" status="PASS">
          <params>
            <param index="0">
              <value>
                <![CDATA[basava]]>
              </value>
            </param>
          </params>
          <reporter-output>
          </reporter-output>
        </test-method> <!-- Demo -->
        <test-method signature="Demo(java.lang.String)[pri:0, instance:Java_pgms.Number_pgms.Data_provider@72057ecf]" started-at="2024-06-24T16:54:50 IST" name="Demo" data-provider="names" finished-at="2024-06-24T16:54:50 IST" duration-ms="1" status="PASS">
          <params>
            <param index="0">
              <value>
                <![CDATA[shiva]]>
              </value>
            </param>
          </params>
          <reporter-output>
          </reporter-output>
        </test-method> <!-- Demo -->
        <test-method signature="Demo(java.lang.String)[pri:0, instance:Java_pgms.Number_pgms.Data_provider@72057ecf]" started-at="2024-06-24T16:54:50 IST" name="Demo" data-provider="names" finished-at="2024-06-24T16:54:50 IST" duration-ms="1" status="PASS">
          <params>
            <param index="0">
              <value>
                <![CDATA[amma]]>
              </value>
            </param>
          </params>
          <reporter-output>
          </reporter-output>
        </test-method> <!-- Demo -->
        <test-method signature="Demo1(java.lang.Integer)[pri:0, instance:Java_pgms.Number_pgms.Data_provider@72057ecf]" started-at="2024-06-24T16:54:50 IST" name="Demo1" data-provider="numbers" finished-at="2024-06-24T16:54:50 IST" duration-ms="1" status="PASS">
          <params>
            <param index="0">
              <value>
                <![CDATA[123]]>
              </value>
            </param>
          </params>
          <reporter-output>
          </reporter-output>
        </test-method> <!-- Demo1 -->
        <test-method signature="Demo1(java.lang.Integer)[pri:0, instance:Java_pgms.Number_pgms.Data_provider@72057ecf]" started-at="2024-06-24T16:54:50 IST" name="Demo1" data-provider="numbers" finished-at="2024-06-24T16:54:50 IST" duration-ms="1" status="PASS">
          <params>
            <param index="0">
              <value>
                <![CDATA[567]]>
              </value>
            </param>
          </params>
          <reporter-output>
          </reporter-output>
        </test-method> <!-- Demo1 -->
        <test-method signature="Demo1(java.lang.Integer)[pri:0, instance:Java_pgms.Number_pgms.Data_provider@72057ecf]" started-at="2024-06-24T16:54:50 IST" name="Demo1" data-provider="numbers" finished-at="2024-06-24T16:54:50 IST" duration-ms="0" status="PASS">
          <params>
            <param index="0">
              <value>
                <![CDATA[987]]>
              </value>
            </param>
          </params>
          <reporter-output>
          </reporter-output>
        </test-method> <!-- Demo1 -->
      </class> <!-- Java_pgms.Number_pgms.Data_provider -->
    </test> <!-- Default test -->
  </suite> <!-- Default suite -->
</testng-results>
